<?xml version="1.0" encoding="UTF-8"?>
<testsuite name="com.ceos22.cgv_clone.CgvCloneApplicationTests" tests="1" skipped="0" failures="0" errors="0" timestamp="2025-09-19T08:34:53.813Z" hostname="SHINHYEUK" time="0.564">
  <properties/>
  <testcase name="contextLoads()" classname="com.ceos22.cgv_clone.CgvCloneApplicationTests" time="0.564"/>
  <system-out><![CDATA[17:34:45.196 [Test worker] INFO org.springframework.test.context.support.AnnotationConfigContextLoaderUtils -- Could not detect default configuration classes for test class [com.ceos22.cgv_clone.CgvCloneApplicationTests]: CgvCloneApplicationTests does not declare any static, non-private, non-final, nested classes annotated with @Configuration.
17:34:45.406 [Test worker] INFO org.springframework.boot.test.context.SpringBootTestContextBootstrapper -- Found @SpringBootConfiguration com.ceos22.cgv_clone.CgvCloneApplication for test class com.ceos22.cgv_clone.CgvCloneApplicationTests

  .   ____          _            __ _ _
 /\\ / ___'_ __ _ _(_)_ __  __ _ \ \ \ \
( ( )\___ | '_ | '_| | '_ \/ _` | \ \ \ \
 \\/  ___)| |_)| | | | | || (_| |  ) ) ) )
  '  |____| .__|_| |_|_| |_\__, | / / / /
 =========|_|==============|___/=/_/_/_/

 :: Spring Boot ::                (v3.5.5)

2025-09-19T17:34:46.064+09:00  INFO 25520 --- [    Test worker] c.c.cgv_clone.CgvCloneApplicationTests   : Starting CgvCloneApplicationTests using Java 17.0.14 with PID 25520 (started by gilbe in C:\Users\gilbe\spring-cgv-22nd\cgv_clone)
2025-09-19T17:34:46.065+09:00  INFO 25520 --- [    Test worker] c.c.cgv_clone.CgvCloneApplicationTests   : No active profile set, falling back to 1 default profile: "default"
2025-09-19T17:34:47.370+09:00  INFO 25520 --- [    Test worker] .s.d.r.c.RepositoryConfigurationDelegate : Bootstrapping Spring Data JPA repositories in DEFAULT mode.
2025-09-19T17:34:47.543+09:00  INFO 25520 --- [    Test worker] .s.d.r.c.RepositoryConfigurationDelegate : Finished Spring Data repository scanning in 149 ms. Found 5 JPA repository interfaces.
2025-09-19T17:34:48.330+09:00  INFO 25520 --- [    Test worker] o.hibernate.jpa.internal.util.LogHelper  : HHH000204: Processing PersistenceUnitInfo [name: default]
2025-09-19T17:34:48.491+09:00  INFO 25520 --- [    Test worker] org.hibernate.Version                    : HHH000412: Hibernate ORM core version 6.6.26.Final
2025-09-19T17:34:48.584+09:00  INFO 25520 --- [    Test worker] o.h.c.internal.RegionFactoryInitiator    : HHH000026: Second-level cache disabled
2025-09-19T17:34:49.053+09:00  INFO 25520 --- [    Test worker] o.s.o.j.p.SpringPersistenceUnitInfo      : No LoadTimeWeaver setup: ignoring JPA class transformer
2025-09-19T17:34:49.104+09:00  INFO 25520 --- [    Test worker] com.zaxxer.hikari.HikariDataSource       : HikariPool-1 - Starting...
2025-09-19T17:34:49.329+09:00  INFO 25520 --- [    Test worker] com.zaxxer.hikari.pool.HikariPool        : HikariPool-1 - Added connection com.mysql.cj.jdbc.ConnectionImpl@42ffbab6
2025-09-19T17:34:49.331+09:00  INFO 25520 --- [    Test worker] com.zaxxer.hikari.HikariDataSource       : HikariPool-1 - Start completed.
2025-09-19T17:34:49.392+09:00  WARN 25520 --- [    Test worker] org.hibernate.orm.deprecation            : HHH90000025: MySQLDialect does not need to be specified explicitly using 'hibernate.dialect' (remove the property setting and it will be selected by default)
2025-09-19T17:34:49.418+09:00  INFO 25520 --- [    Test worker] org.hibernate.orm.connections.pooling    : HHH10001005: Database info:
	Database JDBC URL [Connecting through datasource 'HikariDataSource (HikariPool-1)']
	Database driver: undefined/unknown
	Database version: 8.0.41
	Autocommit mode: undefined/unknown
	Isolation level: undefined/unknown
	Minimum pool size: undefined/unknown
	Maximum pool size: undefined/unknown
2025-09-19T17:34:51.291+09:00  INFO 25520 --- [    Test worker] o.h.e.t.j.p.i.JtaPlatformInitiator       : HHH000489: No JTA platform available (set 'hibernate.transaction.jta.platform' to enable JTA platform integration)
2025-09-19T17:34:51.451+09:00  INFO 25520 --- [    Test worker] j.LocalContainerEntityManagerFactoryBean : Initialized JPA EntityManagerFactory for persistence unit 'default'
2025-09-19T17:34:52.531+09:00  WARN 25520 --- [    Test worker] JpaBaseConfiguration$JpaWebConfiguration : spring.jpa.open-in-view is enabled by default. Therefore, database queries may be performed during view rendering. Explicitly configure spring.jpa.open-in-view to disable this warning
2025-09-19T17:34:53.761+09:00  INFO 25520 --- [    Test worker] c.c.cgv_clone.CgvCloneApplicationTests   : Started CgvCloneApplicationTests in 8.159 seconds (process running for 9.675)
]]></system-out>
  <system-err><![CDATA[]]></system-err>
</testsuite>
